<?xml version="1.0" encoding="UTF-8"?>
<testsuite name="TestSuite" time="0.329" tests="61" errors="0" skipped="0" failures="61">
  <properties>
[...]
</properties>
  <testcase name="assertResults" classname="com.music.allureTest.DataDrivenInvoke" time="0.319">
    <failure message="expected [PASS] but found [读取到的数据]" type="java.lang.AssertionError">java.lang.AssertionError: expected [PASS] but found [读取到的数据]
	at org.testng.Assert.fail(Assert.java:96)
	at org.testng.Assert.failNotEquals(Assert.java:776)
	at org.testng.Assert.assertEqualsImpl(Assert.java:137)
	at org.testng.Assert.assertEquals(Assert.java:118)
	at org.testng.Assert.assertEquals(Assert.java:453)
	at org.testng.Assert.assertEquals(Assert.java:463)
	at com.music.allureTest.DataDrivenInvoke.assertResults(DataDrivenInvoke.java:43)
</failure>
    <system-out><![CDATA[所需路径D:\space\eclipse\Allure\cases\result-20190625+08-31-14music_auto_testng.xlsx
this is new test
]]></system-out>
  </testcase>
  <testcase name="f" classname="com.music.allureTest.DataDrivenInvoke" time="0.01">
    <failure message="expected [PASS] but found [读取到的数据]" type="java.lang.AssertionError">java.lang.AssertionError: expected [PASS] but found [读取到的数据]
	at org.testng.Assert.fail(Assert.java:96)
	at org.testng.Assert.failNotEquals(Assert.java:776)
	at org.testng.Assert.assertEqualsImpl(Assert.java:137)
	at org.testng.Assert.assertEquals(Assert.java:118)
	at org.testng.Assert.assertEquals(Assert.java:453)
	at org.testng.Assert.assertEquals(Assert.java:463)
	at com.music.allureTest.DataDrivenInvoke.assertResults(DataDrivenInvoke.java:43)
	at com.music.allureTest.DataDrivenInvoke.f(DataDrivenInvoke.java:36)
</failure>
    <system-out><![CDATA[1
this is new test
]]></system-out>
  </testcase>
  <testcase name="f" classname="com.music.allureTest.DataDrivenInvoke" time="0.01">
    <failure message="expected [PASS] but found [读取到的数据]" type="java.lang.AssertionError">java.lang.AssertionError: expected [PASS] but found [读取到的数据]
	at org.testng.Assert.fail(Assert.java:96)
	at org.testng.Assert.failNotEquals(Assert.java:776)
	at org.testng.Assert.assertEqualsImpl(Assert.java:137)
	at org.testng.Assert.assertEquals(Assert.java:118)
	at org.testng.Assert.assertEquals(Assert.java:453)
	at org.testng.Assert.assertEquals(Assert.java:463)
	at com.music.allureTest.DataDrivenInvoke.assertResults(DataDrivenInvoke.java:43)
	at com.music.allureTest.DataDrivenInvoke.f(DataDrivenInvoke.java:36)
</failure>
    <system-out><![CDATA[2
this is new test
]]></system-out>
  </testcase>
  <testcase name="f" classname="com.music.allureTest.DataDrivenInvoke" time="0">
    <failure message="expected [PASS] but found [读取到的数据]" type="java.lang.AssertionError">java.lang.AssertionError: expected [PASS] but found [读取到的数据]
	at org.testng.Assert.fail(Assert.java:96)
	at org.testng.Assert.failNotEquals(Assert.java:776)
	at org.testng.Assert.assertEqualsImpl(Assert.java:137)
	at org.testng.Assert.assertEquals(Assert.java:118)
	at org.testng.Assert.assertEquals(Assert.java:453)
	at org.testng.Assert.assertEquals(Assert.java:463)
	at com.music.allureTest.DataDrivenInvoke.assertResults(DataDrivenInvoke.java:43)
	at com.music.allureTest.DataDrivenInvoke.f(DataDrivenInvoke.java:36)
</failure>
    <system-out><![CDATA[3记录cookie
this is new test
]]></system-out>
  </testcase>
  <testcase name="f" classname="com.music.allureTest.DataDrivenInvoke" time="0">
    <failure message="expected [PASS] but found [读取到的数据]" type="java.lang.AssertionError">java.lang.AssertionError: expected [PASS] but found [读取到的数据]
	at org.testng.Assert.fail(Assert.java:96)
	at org.testng.Assert.failNotEquals(Assert.java:776)
	at org.testng.Assert.assertEqualsImpl(Assert.java:137)
	at org.testng.Assert.assertEquals(Assert.java:118)
	at org.testng.Assert.assertEquals(Assert.java:453)
	at org.testng.Assert.assertEquals(Assert.java:463)
	at com.music.allureTest.DataDrivenInvoke.assertResults(DataDrivenInvoke.java:43)
	at com.music.allureTest.DataDrivenInvoke.f(DataDrivenInvoke.java:36)
</failure>
    <system-out><![CDATA[4登录
this is new test
]]></system-out>
  </testcase>
  <testcase name="f" classname="com.music.allureTest.DataDrivenInvoke" time="0.01">
    <failure message="expected [PASS] but found [读取到的数据]" type="java.lang.AssertionError">java.lang.AssertionError: expected [PASS] but found [读取到的数据]
	at org.testng.Assert.fail(Assert.java:96)
	at org.testng.Assert.failNotEquals(Assert.java:776)
	at org.testng.Assert.assertEqualsImpl(Assert.java:137)
	at org.testng.Assert.assertEquals(Assert.java:118)
	at org.testng.Assert.assertEquals(Assert.java:453)
	at org.testng.Assert.assertEquals(Assert.java:463)
	at com.music.allureTest.DataDrivenInvoke.assertResults(DataDrivenInvoke.java:43)
	at com.music.allureTest.DataDrivenInvoke.f(DataDrivenInvoke.java:36)
</failure>
    <system-out><![CDATA[5注册
this is new test
]]></system-out>
  </testcase>
  <testcase name="f" classname="com.music.allureTest.DataDrivenInvoke" time="0">
    <failure message="expected [PASS] but found [读取到的数据]" type="java.lang.AssertionError">java.lang.AssertionError: expected [PASS] but found [读取到的数据]
	at org.testng.Assert.fail(Assert.java:96)
	at org.testng.Assert.failNotEquals(Assert.java:776)
	at org.testng.Assert.assertEqualsImpl(Assert.java:137)
	at org.testng.Assert.assertEquals(Assert.java:118)
	at org.testng.Assert.assertEquals(Assert.java:453)
	at org.testng.Assert.assertEquals(Assert.java:463)
	at com.music.allureTest.DataDrivenInvoke.assertResults(DataDrivenInvoke.java:43)
	at com.music.allureTest.DataDrivenInvoke.f(DataDrivenInvoke.java:36)
</failure>
    <system-out><![CDATA[6
this is new test
]]></system-out>
  </testcase>
  <testcase name="f" classname="com.music.allureTest.DataDrivenInvoke" time="0">
    <failure message="expected [PASS] but found [读取到的数据]" type="java.lang.AssertionError">java.lang.AssertionError: expected [PASS] but found [读取到的数据]
	at org.testng.Assert.fail(Assert.java:96)
	at org.testng.Assert.failNotEquals(Assert.java:776)
	at org.testng.Assert.assertEqualsImpl(Assert.java:137)
	at org.testng.Assert.assertEquals(Assert.java:118)
	at org.testng.Assert.assertEquals(Assert.java:453)
	at org.testng.Assert.assertEquals(Assert.java:463)
	at com.music.allureTest.DataDrivenInvoke.assertResults(DataDrivenInvoke.java:43)
	at com.music.allureTest.DataDrivenInvoke.f(DataDrivenInvoke.java:36)
</failure>
    <system-out><![CDATA[7用户名1位
this is new test
]]></system-out>
  </testcase>
  <testcase name="f" classname="com.music.allureTest.DataDrivenInvoke" time="0.01">
    <failure message="expected [PASS] but found [读取到的数据]" type="java.lang.AssertionError">java.lang.AssertionError: expected [PASS] but found [读取到的数据]
	at org.testng.Assert.fail(Assert.java:96)
	at org.testng.Assert.failNotEquals(Assert.java:776)
	at org.testng.Assert.assertEqualsImpl(Assert.java:137)
	at org.testng.Assert.assertEquals(Assert.java:118)
	at org.testng.Assert.assertEquals(Assert.java:453)
	at org.testng.Assert.assertEquals(Assert.java:463)
	at com.music.allureTest.DataDrivenInvoke.assertResults(DataDrivenInvoke.java:43)
	at com.music.allureTest.DataDrivenInvoke.f(DataDrivenInvoke.java:36)
</failure>
    <system-out><![CDATA[8用户名2位
this is new test
]]></system-out>
  </testcase>
  <testcase name="f" classname="com.music.allureTest.DataDrivenInvoke" time="0">
    <failure message="expected [PASS] but found [读取到的数据]" type="java.lang.AssertionError">java.lang.AssertionError: expected [PASS] but found [读取到的数据]
	at org.testng.Assert.fail(Assert.java:96)
	at org.testng.Assert.failNotEquals(Assert.java:776)
	at org.testng.Assert.assertEqualsImpl(Assert.java:137)
	at org.testng.Assert.assertEquals(Assert.java:118)
	at org.testng.Assert.assertEquals(Assert.java:453)
	at org.testng.Assert.assertEquals(Assert.java:463)
	at com.music.allureTest.DataDrivenInvoke.assertResults(DataDrivenInvoke.java:43)
	at com.music.allureTest.DataDrivenInvoke.f(DataDrivenInvoke.java:36)
</failure>
    <system-out><![CDATA[9用户名18位
this is new test
]]></system-out>
  </testcase>
  <testcase name="f" classname="com.music.allureTest.DataDrivenInvoke" time="0.01">
    <failure message="expected [PASS] but found [读取到的数据]" type="java.lang.AssertionError">java.lang.AssertionError: expected [PASS] but found [读取到的数据]
	at org.testng.Assert.fail(Assert.java:96)
	at org.testng.Assert.failNotEquals(Assert.java:776)
	at org.testng.Assert.assertEqualsImpl(Assert.java:137)
	at org.testng.Assert.assertEquals(Assert.java:118)
	at org.testng.Assert.assertEquals(Assert.java:453)
	at org.testng.Assert.assertEquals(Assert.java:463)
	at com.music.allureTest.DataDrivenInvoke.assertResults(DataDrivenInvoke.java:43)
	at com.music.allureTest.DataDrivenInvoke.f(DataDrivenInvoke.java:36)
</failure>
    <system-out><![CDATA[10密码5位
this is new test
]]></system-out>
  </testcase>
  <testcase name="f" classname="com.music.allureTest.DataDrivenInvoke" time="0">
    <failure message="expected [PASS] but found [读取到的数据]" type="java.lang.AssertionError">java.lang.AssertionError: expected [PASS] but found [读取到的数据]
	at org.testng.Assert.fail(Assert.java:96)
	at org.testng.Assert.failNotEquals(Assert.java:776)
	at org.testng.Assert.assertEqualsImpl(Assert.java:137)
	at org.testng.Assert.assertEquals(Assert.java:118)
	at org.testng.Assert.assertEquals(Assert.java:453)
	at org.testng.Assert.assertEquals(Assert.java:463)
	at com.music.allureTest.DataDrivenInvoke.assertResults(DataDrivenInvoke.java:43)
	at com.music.allureTest.DataDrivenInvoke.f(DataDrivenInvoke.java:36)
</failure>
    <system-out><![CDATA[11密码6位
this is new test
]]></system-out>
  </testcase>
  <testcase name="f" classname="com.music.allureTest.DataDrivenInvoke" time="0">
    <failure message="expected [PASS] but found [读取到的数据]" type="java.lang.AssertionError">java.lang.AssertionError: expected [PASS] but found [读取到的数据]
	at org.testng.Assert.fail(Assert.java:96)
	at org.testng.Assert.failNotEquals(Assert.java:776)
	at org.testng.Assert.assertEqualsImpl(Assert.java:137)
	at org.testng.Assert.assertEquals(Assert.java:118)
	at org.testng.Assert.assertEquals(Assert.java:453)
	at org.testng.Assert.assertEquals(Assert.java:463)
	at com.music.allureTest.DataDrivenInvoke.assertResults(DataDrivenInvoke.java:43)
	at com.music.allureTest.DataDrivenInvoke.f(DataDrivenInvoke.java:36)
</failure>
    <system-out><![CDATA[12密码7位
this is new test
]]></system-out>
  </testcase>
  <testcase name="f" classname="com.music.allureTest.DataDrivenInvoke" time="0.01">
    <failure message="expected [PASS] but found [读取到的数据]" type="java.lang.AssertionError">java.lang.AssertionError: expected [PASS] but found [读取到的数据]
	at org.testng.Assert.fail(Assert.java:96)
	at org.testng.Assert.failNotEquals(Assert.java:776)
	at org.testng.Assert.assertEqualsImpl(Assert.java:137)
	at org.testng.Assert.assertEquals(Assert.java:118)
	at org.testng.Assert.assertEquals(Assert.java:453)
	at org.testng.Assert.assertEquals(Assert.java:463)
	at com.music.allureTest.DataDrivenInvoke.assertResults(DataDrivenInvoke.java:43)
	at com.music.allureTest.DataDrivenInvoke.f(DataDrivenInvoke.java:36)
</failure>
    <system-out><![CDATA[13密码17位
this is new test
]]></system-out>
  </testcase>
  <testcase name="f" classname="com.music.allureTest.DataDrivenInvoke" time="0">
    <failure message="expected [PASS] but found [读取到的数据]" type="java.lang.AssertionError">java.lang.AssertionError: expected [PASS] but found [读取到的数据]
	at org.testng.Assert.fail(Assert.java:96)
	at org.testng.Assert.failNotEquals(Assert.java:776)
	at org.testng.Assert.assertEqualsImpl(Assert.java:137)
	at org.testng.Assert.assertEquals(Assert.java:118)
	at org.testng.Assert.assertEquals(Assert.java:453)
	at org.testng.Assert.assertEquals(Assert.java:463)
	at com.music.allureTest.DataDrivenInvoke.assertResults(DataDrivenInvoke.java:43)
	at com.music.allureTest.DataDrivenInvoke.f(DataDrivenInvoke.java:36)
</failure>
    <system-out><![CDATA[14密码18位
this is new test
]]></system-out>
  </testcase>
  <testcase name="f" classname="com.music.allureTest.DataDrivenInvoke" time="0.01">
    <failure message="expected [PASS] but found [读取到的数据]" type="java.lang.AssertionError">java.lang.AssertionError: expected [PASS] but found [读取到的数据]
	at org.testng.Assert.fail(Assert.java:96)
	at org.testng.Assert.failNotEquals(Assert.java:776)
	at org.testng.Assert.assertEqualsImpl(Assert.java:137)
	at org.testng.Assert.assertEquals(Assert.java:118)
	at org.testng.Assert.assertEquals(Assert.java:453)
	at org.testng.Assert.assertEquals(Assert.java:463)
	at com.music.allureTest.DataDrivenInvoke.assertResults(DataDrivenInvoke.java:43)
	at com.music.allureTest.DataDrivenInvoke.f(DataDrivenInvoke.java:36)
</failure>
    <system-out><![CDATA[15密码19位
this is new test
]]></system-out>
  </testcase>
  <testcase name="f" classname="com.music.allureTest.DataDrivenInvoke" time="0.02">
    <failure message="expected [PASS] but found [读取到的数据]" type="java.lang.AssertionError">java.lang.AssertionError: expected [PASS] but found [读取到的数据]
	at org.testng.Assert.fail(Assert.java:96)
	at org.testng.Assert.failNotEquals(Assert.java:776)
	at org.testng.Assert.assertEqualsImpl(Assert.java:137)
	at org.testng.Assert.assertEquals(Assert.java:118)
	at org.testng.Assert.assertEquals(Assert.java:453)
	at org.testng.Assert.assertEquals(Assert.java:463)
	at com.music.allureTest.DataDrivenInvoke.assertResults(DataDrivenInvoke.java:43)
	at com.music.allureTest.DataDrivenInvoke.f(DataDrivenInvoke.java:36)
</failure>
    <system-out><![CDATA[16昵称1位
this is new test
]]></system-out>
  </testcase>
  <testcase name="f" classname="com.music.allureTest.DataDrivenInvoke" time="0">
    <failure message="expected [PASS] but found [读取到的数据]" type="java.lang.AssertionError">java.lang.AssertionError: expected [PASS] but found [读取到的数据]
	at org.testng.Assert.fail(Assert.java:96)
	at org.testng.Assert.failNotEquals(Assert.java:776)
	at org.testng.Assert.assertEqualsImpl(Assert.java:137)
	at org.testng.Assert.assertEquals(Assert.java:118)
	at org.testng.Assert.assertEquals(Assert.java:453)
	at org.testng.Assert.assertEquals(Assert.java:463)
	at com.music.allureTest.DataDrivenInvoke.assertResults(DataDrivenInvoke.java:43)
	at com.music.allureTest.DataDrivenInvoke.f(DataDrivenInvoke.java:36)
</failure>
    <system-out><![CDATA[17昵称2位
this is new test
]]></system-out>
  </testcase>
  <testcase name="f" classname="com.music.allureTest.DataDrivenInvoke" time="0">
    <failure message="expected [PASS] but found [读取到的数据]" type="java.lang.AssertionError">java.lang.AssertionError: expected [PASS] but found [读取到的数据]
	at org.testng.Assert.fail(Assert.java:96)
	at org.testng.Assert.failNotEquals(Assert.java:776)
	at org.testng.Assert.assertEqualsImpl(Assert.java:137)
	at org.testng.Assert.assertEquals(Assert.java:118)
	at org.testng.Assert.assertEquals(Assert.java:453)
	at org.testng.Assert.assertEquals(Assert.java:463)
	at com.music.allureTest.DataDrivenInvoke.assertResults(DataDrivenInvoke.java:43)
	at com.music.allureTest.DataDrivenInvoke.f(DataDrivenInvoke.java:36)
</failure>
    <system-out><![CDATA[18昵称18位
this is new test
]]></system-out>
  </testcase>
  <testcase name="f" classname="com.music.allureTest.DataDrivenInvoke" time="0">
    <failure message="expected [PASS] but found [读取到的数据]" type="java.lang.AssertionError">java.lang.AssertionError: expected [PASS] but found [读取到的数据]
	at org.testng.Assert.fail(Assert.java:96)
	at org.testng.Assert.failNotEquals(Assert.java:776)
	at org.testng.Assert.assertEqualsImpl(Assert.java:137)
	at org.testng.Assert.assertEquals(Assert.java:118)
	at org.testng.Assert.assertEquals(Assert.java:453)
	at org.testng.Assert.assertEquals(Assert.java:463)
	at com.music.allureTest.DataDrivenInvoke.assertResults(DataDrivenInvoke.java:43)
	at com.music.allureTest.DataDrivenInvoke.f(DataDrivenInvoke.java:36)
</failure>
    <system-out><![CDATA[19
this is new test
]]></system-out>
  </testcase>
  <testcase name="f" classname="com.music.allureTest.DataDrivenInvoke" time="0.01">
    <failure message="expected [PASS] but found [读取到的数据]" type="java.lang.AssertionError">java.lang.AssertionError: expected [PASS] but found [读取到的数据]
	at org.testng.Assert.fail(Assert.java:96)
	at org.testng.Assert.failNotEquals(Assert.java:776)
	at org.testng.Assert.assertEqualsImpl(Assert.java:137)
	at org.testng.Assert.assertEquals(Assert.java:118)
	at org.testng.Assert.assertEquals(Assert.java:453)
	at org.testng.Assert.assertEquals(Assert.java:463)
	at com.music.allureTest.DataDrivenInvoke.assertResults(DataDrivenInvoke.java:43)
	at com.music.allureTest.DataDrivenInvoke.f(DataDrivenInvoke.java:36)
</failure>
    <system-out><![CDATA[20用户名包含中文
this is new test
]]></system-out>
  </testcase>
  <testcase name="f" classname="com.music.allureTest.DataDrivenInvoke" time="0.02">
    <failure message="expected [PASS] but found [读取到的数据]" type="java.lang.AssertionError">java.lang.AssertionError: expected [PASS] but found [读取到的数据]
	at org.testng.Assert.fail(Assert.java:96)
	at org.testng.Assert.failNotEquals(Assert.java:776)
	at org.testng.Assert.assertEqualsImpl(Assert.java:137)
	at org.testng.Assert.assertEquals(Assert.java:118)
	at org.testng.Assert.assertEquals(Assert.java:453)
	at org.testng.Assert.assertEquals(Assert.java:463)
	at com.music.allureTest.DataDrivenInvoke.assertResults(DataDrivenInvoke.java:43)
	at com.music.allureTest.DataDrivenInvoke.f(DataDrivenInvoke.java:36)
</failure>
    <system-out><![CDATA[21昵称包含中文
this is new test
]]></system-out>
  </testcase>
  <testcase name="f" classname="com.music.allureTest.DataDrivenInvoke" time="0">
    <failure message="expected [PASS] but found [读取到的数据]" type="java.lang.AssertionError">java.lang.AssertionError: expected [PASS] but found [读取到的数据]
	at org.testng.Assert.fail(Assert.java:96)
	at org.testng.Assert.failNotEquals(Assert.java:776)
	at org.testng.Assert.assertEqualsImpl(Assert.java:137)
	at org.testng.Assert.assertEquals(Assert.java:118)
	at org.testng.Assert.assertEquals(Assert.java:453)
	at org.testng.Assert.assertEquals(Assert.java:463)
	at com.music.allureTest.DataDrivenInvoke.assertResults(DataDrivenInvoke.java:43)
	at com.music.allureTest.DataDrivenInvoke.f(DataDrivenInvoke.java:36)
</failure>
    <system-out><![CDATA[22密码包含中文
this is new test
]]></system-out>
  </testcase>
  <testcase name="f" classname="com.music.allureTest.DataDrivenInvoke" time="0">
    <failure message="expected [PASS] but found [读取到的数据]" type="java.lang.AssertionError">java.lang.AssertionError: expected [PASS] but found [读取到的数据]
	at org.testng.Assert.fail(Assert.java:96)
	at org.testng.Assert.failNotEquals(Assert.java:776)
	at org.testng.Assert.assertEqualsImpl(Assert.java:137)
	at org.testng.Assert.assertEquals(Assert.java:118)
	at org.testng.Assert.assertEquals(Assert.java:453)
	at org.testng.Assert.assertEquals(Assert.java:463)
	at com.music.allureTest.DataDrivenInvoke.assertResults(DataDrivenInvoke.java:43)
	at com.music.allureTest.DataDrivenInvoke.f(DataDrivenInvoke.java:36)
</failure>
    <system-out><![CDATA[23用户名已存在
this is new test
]]></system-out>
  </testcase>
  <testcase name="f" classname="com.music.allureTest.DataDrivenInvoke" time="0">
    <failure message="expected [PASS] but found [读取到的数据]" type="java.lang.AssertionError">java.lang.AssertionError: expected [PASS] but found [读取到的数据]
	at org.testng.Assert.fail(Assert.java:96)
	at org.testng.Assert.failNotEquals(Assert.java:776)
	at org.testng.Assert.assertEqualsImpl(Assert.java:137)
	at org.testng.Assert.assertEquals(Assert.java:118)
	at org.testng.Assert.assertEquals(Assert.java:453)
	at org.testng.Assert.assertEquals(Assert.java:463)
	at com.music.allureTest.DataDrivenInvoke.assertResults(DataDrivenInvoke.java:43)
	at com.music.allureTest.DataDrivenInvoke.f(DataDrivenInvoke.java:36)
</failure>
    <system-out><![CDATA[24填写多余参数
this is new test
]]></system-out>
  </testcase>
  <testcase name="f" classname="com.music.allureTest.DataDrivenInvoke" time="0">
    <failure message="expected [PASS] but found [读取到的数据]" type="java.lang.AssertionError">java.lang.AssertionError: expected [PASS] but found [读取到的数据]
	at org.testng.Assert.fail(Assert.java:96)
	at org.testng.Assert.failNotEquals(Assert.java:776)
	at org.testng.Assert.assertEqualsImpl(Assert.java:137)
	at org.testng.Assert.assertEquals(Assert.java:118)
	at org.testng.Assert.assertEquals(Assert.java:453)
	at org.testng.Assert.assertEquals(Assert.java:463)
	at com.music.allureTest.DataDrivenInvoke.assertResults(DataDrivenInvoke.java:43)
	at com.music.allureTest.DataDrivenInvoke.f(DataDrivenInvoke.java:36)
</failure>
    <system-out><![CDATA[25密码为6位纯数字
this is new test
]]></system-out>
  </testcase>
  <testcase name="f" classname="com.music.allureTest.DataDrivenInvoke" time="0.09">
    <failure message="expected [PASS] but found [读取到的数据]" type="java.lang.AssertionError">java.lang.AssertionError: expected [PASS] but found [读取到的数据]
	at org.testng.Assert.fail(Assert.java:96)
	at org.testng.Assert.failNotEquals(Assert.java:776)
	at org.testng.Assert.assertEqualsImpl(Assert.java:137)
	at org.testng.Assert.assertEquals(Assert.java:118)
	at org.testng.Assert.assertEquals(Assert.java:453)
	at org.testng.Assert.assertEquals(Assert.java:463)
	at com.music.allureTest.DataDrivenInvoke.assertResults(DataDrivenInvoke.java:43)
	at com.music.allureTest.DataDrivenInvoke.f(DataDrivenInvoke.java:36)
</failure>
    <system-out><![CDATA[26密码为6位纯字母
this is new test
]]></system-out>
  </testcase>
  <testcase name="f" classname="com.music.allureTest.DataDrivenInvoke" time="0">
    <failure message="expected [PASS] but found [读取到的数据]" type="java.lang.AssertionError">java.lang.AssertionError: expected [PASS] but found [读取到的数据]
	at org.testng.Assert.fail(Assert.java:96)
	at org.testng.Assert.failNotEquals(Assert.java:776)
	at org.testng.Assert.assertEqualsImpl(Assert.java:137)
	at org.testng.Assert.assertEquals(Assert.java:118)
	at org.testng.Assert.assertEquals(Assert.java:453)
	at org.testng.Assert.assertEquals(Assert.java:463)
	at com.music.allureTest.DataDrivenInvoke.assertResults(DataDrivenInvoke.java:43)
	at com.music.allureTest.DataDrivenInvoke.f(DataDrivenInvoke.java:36)
</failure>
    <system-out><![CDATA[27用户名为纯数字
this is new test
]]></system-out>
  </testcase>
  <testcase name="f" classname="com.music.allureTest.DataDrivenInvoke" time="0">
    <failure message="expected [PASS] but found [读取到的数据]" type="java.lang.AssertionError">java.lang.AssertionError: expected [PASS] but found [读取到的数据]
	at org.testng.Assert.fail(Assert.java:96)
	at org.testng.Assert.failNotEquals(Assert.java:776)
	at org.testng.Assert.assertEqualsImpl(Assert.java:137)
	at org.testng.Assert.assertEquals(Assert.java:118)
	at org.testng.Assert.assertEquals(Assert.java:453)
	at org.testng.Assert.assertEquals(Assert.java:463)
	at com.music.allureTest.DataDrivenInvoke.assertResults(DataDrivenInvoke.java:43)
	at com.music.allureTest.DataDrivenInvoke.f(DataDrivenInvoke.java:36)
</failure>
    <system-out><![CDATA[28用户名为纯字母
this is new test
]]></system-out>
  </testcase>
  <testcase name="f" classname="com.music.allureTest.DataDrivenInvoke" time="0">
    <failure message="expected [PASS] but found [读取到的数据]" type="java.lang.AssertionError">java.lang.AssertionError: expected [PASS] but found [读取到的数据]
	at org.testng.Assert.fail(Assert.java:96)
	at org.testng.Assert.failNotEquals(Assert.java:776)
	at org.testng.Assert.assertEqualsImpl(Assert.java:137)
	at org.testng.Assert.assertEquals(Assert.java:118)
	at org.testng.Assert.assertEquals(Assert.java:453)
	at org.testng.Assert.assertEquals(Assert.java:463)
	at com.music.allureTest.DataDrivenInvoke.assertResults(DataDrivenInvoke.java:43)
	at com.music.allureTest.DataDrivenInvoke.f(DataDrivenInvoke.java:36)
</failure>
    <system-out><![CDATA[29昵称为纯数字
this is new test
]]></system-out>
  </testcase>
  <testcase name="f" classname="com.music.allureTest.DataDrivenInvoke" time="0.01">
    <failure message="expected [PASS] but found [读取到的数据]" type="java.lang.AssertionError">java.lang.AssertionError: expected [PASS] but found [读取到的数据]
	at org.testng.Assert.fail(Assert.java:96)
	at org.testng.Assert.failNotEquals(Assert.java:776)
	at org.testng.Assert.assertEqualsImpl(Assert.java:137)
	at org.testng.Assert.assertEquals(Assert.java:118)
	at org.testng.Assert.assertEquals(Assert.java:453)
	at org.testng.Assert.assertEquals(Assert.java:463)
	at com.music.allureTest.DataDrivenInvoke.assertResults(DataDrivenInvoke.java:43)
	at com.music.allureTest.DataDrivenInvoke.f(DataDrivenInvoke.java:36)
</failure>
    <system-out><![CDATA[30昵称为纯字母
this is new test
]]></system-out>
  </testcase>
  <testcase name="f" classname="com.music.allureTest.DataDrivenInvoke" time="0">
    <failure message="expected [PASS] but found [读取到的数据]" type="java.lang.AssertionError">java.lang.AssertionError: expected [PASS] but found [读取到的数据]
	at org.testng.Assert.fail(Assert.java:96)
	at org.testng.Assert.failNotEquals(Assert.java:776)
	at org.testng.Assert.assertEqualsImpl(Assert.java:137)
	at org.testng.Assert.assertEquals(Assert.java:118)
	at org.testng.Assert.assertEquals(Assert.java:453)
	at org.testng.Assert.assertEquals(Assert.java:463)
	at com.music.allureTest.DataDrivenInvoke.assertResults(DataDrivenInvoke.java:43)
	at com.music.allureTest.DataDrivenInvoke.f(DataDrivenInvoke.java:36)
</failure>
    <system-out><![CDATA[31
this is new test
]]></system-out>
  </testcase>
  <testcase name="f" classname="com.music.allureTest.DataDrivenInvoke" time="0">
    <failure message="expected [PASS] but found [读取到的数据]" type="java.lang.AssertionError">java.lang.AssertionError: expected [PASS] but found [读取到的数据]
	at org.testng.Assert.fail(Assert.java:96)
	at org.testng.Assert.failNotEquals(Assert.java:776)
	at org.testng.Assert.assertEqualsImpl(Assert.java:137)
	at org.testng.Assert.assertEquals(Assert.java:118)
	at org.testng.Assert.assertEquals(Assert.java:453)
	at org.testng.Assert.assertEquals(Assert.java:463)
	at com.music.allureTest.DataDrivenInvoke.assertResults(DataDrivenInvoke.java:43)
	at com.music.allureTest.DataDrivenInvoke.f(DataDrivenInvoke.java:36)
</failure>
    <system-out><![CDATA[32
this is new test
]]></system-out>
  </testcase>
  <testcase name="f" classname="com.music.allureTest.DataDrivenInvoke" time="0.01">
    <failure message="expected [PASS] but found [读取到的数据]" type="java.lang.AssertionError">java.lang.AssertionError: expected [PASS] but found [读取到的数据]
	at org.testng.Assert.fail(Assert.java:96)
	at org.testng.Assert.failNotEquals(Assert.java:776)
	at org.testng.Assert.assertEqualsImpl(Assert.java:137)
	at org.testng.Assert.assertEquals(Assert.java:118)
	at org.testng.Assert.assertEquals(Assert.java:453)
	at org.testng.Assert.assertEquals(Assert.java:463)
	at com.music.allureTest.DataDrivenInvoke.assertResults(DataDrivenInvoke.java:43)
	at com.music.allureTest.DataDrivenInvoke.f(DataDrivenInvoke.java:36)
</failure>
    <system-out><![CDATA[33用户名字段为空
this is new test
]]></system-out>
  </testcase>
  <testcase name="f" classname="com.music.allureTest.DataDrivenInvoke" time="0">
    <failure message="expected [PASS] but found [读取到的数据]" type="java.lang.AssertionError">java.lang.AssertionError: expected [PASS] but found [读取到的数据]
	at org.testng.Assert.fail(Assert.java:96)
	at org.testng.Assert.failNotEquals(Assert.java:776)
	at org.testng.Assert.assertEqualsImpl(Assert.java:137)
	at org.testng.Assert.assertEquals(Assert.java:118)
	at org.testng.Assert.assertEquals(Assert.java:453)
	at org.testng.Assert.assertEquals(Assert.java:463)
	at com.music.allureTest.DataDrivenInvoke.assertResults(DataDrivenInvoke.java:43)
	at com.music.allureTest.DataDrivenInvoke.f(DataDrivenInvoke.java:36)
</failure>
    <system-out><![CDATA[34昵称字段为空
this is new test
]]></system-out>
  </testcase>
  <testcase name="f" classname="com.music.allureTest.DataDrivenInvoke" time="0">
    <failure message="expected [PASS] but found [读取到的数据]" type="java.lang.AssertionError">java.lang.AssertionError: expected [PASS] but found [读取到的数据]
	at org.testng.Assert.fail(Assert.java:96)
	at org.testng.Assert.failNotEquals(Assert.java:776)
	at org.testng.Assert.assertEqualsImpl(Assert.java:137)
	at org.testng.Assert.assertEquals(Assert.java:118)
	at org.testng.Assert.assertEquals(Assert.java:453)
	at org.testng.Assert.assertEquals(Assert.java:463)
	at com.music.allureTest.DataDrivenInvoke.assertResults(DataDrivenInvoke.java:43)
	at com.music.allureTest.DataDrivenInvoke.f(DataDrivenInvoke.java:36)
</failure>
    <system-out><![CDATA[35密码字段为空
this is new test
]]></system-out>
  </testcase>
  <testcase name="f" classname="com.music.allureTest.DataDrivenInvoke" time="0">
    <failure message="expected [PASS] but found [读取到的数据]" type="java.lang.AssertionError">java.lang.AssertionError: expected [PASS] but found [读取到的数据]
	at org.testng.Assert.fail(Assert.java:96)
	at org.testng.Assert.failNotEquals(Assert.java:776)
	at org.testng.Assert.assertEqualsImpl(Assert.java:137)
	at org.testng.Assert.assertEquals(Assert.java:118)
	at org.testng.Assert.assertEquals(Assert.java:453)
	at org.testng.Assert.assertEquals(Assert.java:463)
	at com.music.allureTest.DataDrivenInvoke.assertResults(DataDrivenInvoke.java:43)
	at com.music.allureTest.DataDrivenInvoke.f(DataDrivenInvoke.java:36)
</failure>
    <system-out><![CDATA[36用户名字段不存在
this is new test
]]></system-out>
  </testcase>
  <testcase name="f" classname="com.music.allureTest.DataDrivenInvoke" time="0">
    <failure message="expected [PASS] but found [读取到的数据]" type="java.lang.AssertionError">java.lang.AssertionError: expected [PASS] but found [读取到的数据]
	at org.testng.Assert.fail(Assert.java:96)
	at org.testng.Assert.failNotEquals(Assert.java:776)
	at org.testng.Assert.assertEqualsImpl(Assert.java:137)
	at org.testng.Assert.assertEquals(Assert.java:118)
	at org.testng.Assert.assertEquals(Assert.java:453)
	at org.testng.Assert.assertEquals(Assert.java:463)
	at com.music.allureTest.DataDrivenInvoke.assertResults(DataDrivenInvoke.java:43)
	at com.music.allureTest.DataDrivenInvoke.f(DataDrivenInvoke.java:36)
</failure>
    <system-out><![CDATA[37昵称字段不存在
this is new test
]]></system-out>
  </testcase>
  <testcase name="f" classname="com.music.allureTest.DataDrivenInvoke" time="0">
    <failure message="expected [PASS] but found [读取到的数据]" type="java.lang.AssertionError">java.lang.AssertionError: expected [PASS] but found [读取到的数据]
	at org.testng.Assert.fail(Assert.java:96)
	at org.testng.Assert.failNotEquals(Assert.java:776)
	at org.testng.Assert.assertEqualsImpl(Assert.java:137)
	at org.testng.Assert.assertEquals(Assert.java:118)
	at org.testng.Assert.assertEquals(Assert.java:453)
	at org.testng.Assert.assertEquals(Assert.java:463)
	at com.music.allureTest.DataDrivenInvoke.assertResults(DataDrivenInvoke.java:43)
	at com.music.allureTest.DataDrivenInvoke.f(DataDrivenInvoke.java:36)
</failure>
    <system-out><![CDATA[38密码字段不存在
this is new test
]]></system-out>
  </testcase>
  <testcase name="f" classname="com.music.allureTest.DataDrivenInvoke" time="0">
    <failure message="expected [PASS] but found [读取到的数据]" type="java.lang.AssertionError">java.lang.AssertionError: expected [PASS] but found [读取到的数据]
	at org.testng.Assert.fail(Assert.java:96)
	at org.testng.Assert.failNotEquals(Assert.java:776)
	at org.testng.Assert.assertEqualsImpl(Assert.java:137)
	at org.testng.Assert.assertEquals(Assert.java:118)
	at org.testng.Assert.assertEquals(Assert.java:453)
	at org.testng.Assert.assertEquals(Assert.java:463)
	at com.music.allureTest.DataDrivenInvoke.assertResults(DataDrivenInvoke.java:43)
	at com.music.allureTest.DataDrivenInvoke.f(DataDrivenInvoke.java:36)
</failure>
    <system-out><![CDATA[39
this is new test
]]></system-out>
  </testcase>
  <testcase name="f" classname="com.music.allureTest.DataDrivenInvoke" time="0">
    <failure message="expected [PASS] but found [读取到的数据]" type="java.lang.AssertionError">java.lang.AssertionError: expected [PASS] but found [读取到的数据]
	at org.testng.Assert.fail(Assert.java:96)
	at org.testng.Assert.failNotEquals(Assert.java:776)
	at org.testng.Assert.assertEqualsImpl(Assert.java:137)
	at org.testng.Assert.assertEquals(Assert.java:118)
	at org.testng.Assert.assertEquals(Assert.java:453)
	at org.testng.Assert.assertEquals(Assert.java:463)
	at com.music.allureTest.DataDrivenInvoke.assertResults(DataDrivenInvoke.java:43)
	at com.music.allureTest.DataDrivenInvoke.f(DataDrivenInvoke.java:36)
</failure>
    <system-out><![CDATA[40用户名有空格
this is new test
]]></system-out>
  </testcase>
  <testcase name="f" classname="com.music.allureTest.DataDrivenInvoke" time="0.01">
    <failure message="expected [PASS] but found [读取到的数据]" type="java.lang.AssertionError">java.lang.AssertionError: expected [PASS] but found [读取到的数据]
	at org.testng.Assert.fail(Assert.java:96)
	at org.testng.Assert.failNotEquals(Assert.java:776)
	at org.testng.Assert.assertEqualsImpl(Assert.java:137)
	at org.testng.Assert.assertEquals(Assert.java:118)
	at org.testng.Assert.assertEquals(Assert.java:453)
	at org.testng.Assert.assertEquals(Assert.java:463)
	at com.music.allureTest.DataDrivenInvoke.assertResults(DataDrivenInvoke.java:43)
	at com.music.allureTest.DataDrivenInvoke.f(DataDrivenInvoke.java:36)
</failure>
    <system-out><![CDATA[41昵称有空格
this is new test
]]></system-out>
  </testcase>
  <testcase name="f" classname="com.music.allureTest.DataDrivenInvoke" time="0">
    <failure message="expected [PASS] but found [读取到的数据]" type="java.lang.AssertionError">java.lang.AssertionError: expected [PASS] but found [读取到的数据]
	at org.testng.Assert.fail(Assert.java:96)
	at org.testng.Assert.failNotEquals(Assert.java:776)
	at org.testng.Assert.assertEqualsImpl(Assert.java:137)
	at org.testng.Assert.assertEquals(Assert.java:118)
	at org.testng.Assert.assertEquals(Assert.java:453)
	at org.testng.Assert.assertEquals(Assert.java:463)
	at com.music.allureTest.DataDrivenInvoke.assertResults(DataDrivenInvoke.java:43)
	at com.music.allureTest.DataDrivenInvoke.f(DataDrivenInvoke.java:36)
</failure>
    <system-out><![CDATA[42密码有空格
this is new test
]]></system-out>
  </testcase>
  <testcase name="f" classname="com.music.allureTest.DataDrivenInvoke" time="0.01">
    <failure message="expected [PASS] but found [读取到的数据]" type="java.lang.AssertionError">java.lang.AssertionError: expected [PASS] but found [读取到的数据]
	at org.testng.Assert.fail(Assert.java:96)
	at org.testng.Assert.failNotEquals(Assert.java:776)
	at org.testng.Assert.assertEqualsImpl(Assert.java:137)
	at org.testng.Assert.assertEquals(Assert.java:118)
	at org.testng.Assert.assertEquals(Assert.java:453)
	at org.testng.Assert.assertEquals(Assert.java:463)
	at com.music.allureTest.DataDrivenInvoke.assertResults(DataDrivenInvoke.java:43)
	at com.music.allureTest.DataDrivenInvoke.f(DataDrivenInvoke.java:36)
</failure>
    <system-out><![CDATA[43用户名有单引号
this is new test
]]></system-out>
  </testcase>
  <testcase name="f" classname="com.music.allureTest.DataDrivenInvoke" time="0">
    <failure message="expected [PASS] but found [读取到的数据]" type="java.lang.AssertionError">java.lang.AssertionError: expected [PASS] but found [读取到的数据]
	at org.testng.Assert.fail(Assert.java:96)
	at org.testng.Assert.failNotEquals(Assert.java:776)
	at org.testng.Assert.assertEqualsImpl(Assert.java:137)
	at org.testng.Assert.assertEquals(Assert.java:118)
	at org.testng.Assert.assertEquals(Assert.java:453)
	at org.testng.Assert.assertEquals(Assert.java:463)
	at com.music.allureTest.DataDrivenInvoke.assertResults(DataDrivenInvoke.java:43)
	at com.music.allureTest.DataDrivenInvoke.f(DataDrivenInvoke.java:36)
</failure>
    <system-out><![CDATA[44昵称有单引号
this is new test
]]></system-out>
  </testcase>
  <testcase name="f" classname="com.music.allureTest.DataDrivenInvoke" time="0">
    <failure message="expected [PASS] but found [读取到的数据]" type="java.lang.AssertionError">java.lang.AssertionError: expected [PASS] but found [读取到的数据]
	at org.testng.Assert.fail(Assert.java:96)
	at org.testng.Assert.failNotEquals(Assert.java:776)
	at org.testng.Assert.assertEqualsImpl(Assert.java:137)
	at org.testng.Assert.assertEquals(Assert.java:118)
	at org.testng.Assert.assertEquals(Assert.java:453)
	at org.testng.Assert.assertEquals(Assert.java:463)
	at com.music.allureTest.DataDrivenInvoke.assertResults(DataDrivenInvoke.java:43)
	at com.music.allureTest.DataDrivenInvoke.f(DataDrivenInvoke.java:36)
</failure>
    <system-out><![CDATA[45密码有单引号
this is new test
]]></system-out>
  </testcase>
  <testcase name="f" classname="com.music.allureTest.DataDrivenInvoke" time="0">
    <failure message="expected [PASS] but found [读取到的数据]" type="java.lang.AssertionError">java.lang.AssertionError: expected [PASS] but found [读取到的数据]
	at org.testng.Assert.fail(Assert.java:96)
	at org.testng.Assert.failNotEquals(Assert.java:776)
	at org.testng.Assert.assertEqualsImpl(Assert.java:137)
	at org.testng.Assert.assertEquals(Assert.java:118)
	at org.testng.Assert.assertEquals(Assert.java:453)
	at org.testng.Assert.assertEquals(Assert.java:463)
	at com.music.allureTest.DataDrivenInvoke.assertResults(DataDrivenInvoke.java:43)
	at com.music.allureTest.DataDrivenInvoke.f(DataDrivenInvoke.java:36)
</failure>
    <system-out><![CDATA[46用户名有双引号
this is new test
]]></system-out>
  </testcase>
  <testcase name="f" classname="com.music.allureTest.DataDrivenInvoke" time="0">
    <failure message="expected [PASS] but found [读取到的数据]" type="java.lang.AssertionError">java.lang.AssertionError: expected [PASS] but found [读取到的数据]
	at org.testng.Assert.fail(Assert.java:96)
	at org.testng.Assert.failNotEquals(Assert.java:776)
	at org.testng.Assert.assertEqualsImpl(Assert.java:137)
	at org.testng.Assert.assertEquals(Assert.java:118)
	at org.testng.Assert.assertEquals(Assert.java:453)
	at org.testng.Assert.assertEquals(Assert.java:463)
	at com.music.allureTest.DataDrivenInvoke.assertResults(DataDrivenInvoke.java:43)
	at com.music.allureTest.DataDrivenInvoke.f(DataDrivenInvoke.java:36)
</failure>
    <system-out><![CDATA[47昵称有双引号
this is new test
]]></system-out>
  </testcase>
  <testcase name="f" classname="com.music.allureTest.DataDrivenInvoke" time="0">
    <failure message="expected [PASS] but found [读取到的数据]" type="java.lang.AssertionError">java.lang.AssertionError: expected [PASS] but found [读取到的数据]
	at org.testng.Assert.fail(Assert.java:96)
	at org.testng.Assert.failNotEquals(Assert.java:776)
	at org.testng.Assert.assertEqualsImpl(Assert.java:137)
	at org.testng.Assert.assertEquals(Assert.java:118)
	at org.testng.Assert.assertEquals(Assert.java:453)
	at org.testng.Assert.assertEquals(Assert.java:463)
	at com.music.allureTest.DataDrivenInvoke.assertResults(DataDrivenInvoke.java:43)
	at com.music.allureTest.DataDrivenInvoke.f(DataDrivenInvoke.java:36)
</failure>
    <system-out><![CDATA[48密码有双引号
this is new test
]]></system-out>
  </testcase>
  <testcase name="f" classname="com.music.allureTest.DataDrivenInvoke" time="0">
    <failure message="expected [PASS] but found [读取到的数据]" type="java.lang.AssertionError">java.lang.AssertionError: expected [PASS] but found [读取到的数据]
	at org.testng.Assert.fail(Assert.java:96)
	at org.testng.Assert.failNotEquals(Assert.java:776)
	at org.testng.Assert.assertEqualsImpl(Assert.java:137)
	at org.testng.Assert.assertEquals(Assert.java:118)
	at org.testng.Assert.assertEquals(Assert.java:453)
	at org.testng.Assert.assertEquals(Assert.java:463)
	at com.music.allureTest.DataDrivenInvoke.assertResults(DataDrivenInvoke.java:43)
	at com.music.allureTest.DataDrivenInvoke.f(DataDrivenInvoke.java:36)
</failure>
    <system-out><![CDATA[49用户名有表情☜
this is new test
]]></system-out>
  </testcase>
  <testcase name="f" classname="com.music.allureTest.DataDrivenInvoke" time="0">
    <failure message="expected [PASS] but found [读取到的数据]" type="java.lang.AssertionError">java.lang.AssertionError: expected [PASS] but found [读取到的数据]
	at org.testng.Assert.fail(Assert.java:96)
	at org.testng.Assert.failNotEquals(Assert.java:776)
	at org.testng.Assert.assertEqualsImpl(Assert.java:137)
	at org.testng.Assert.assertEquals(Assert.java:118)
	at org.testng.Assert.assertEquals(Assert.java:453)
	at org.testng.Assert.assertEquals(Assert.java:463)
	at com.music.allureTest.DataDrivenInvoke.assertResults(DataDrivenInvoke.java:43)
	at com.music.allureTest.DataDrivenInvoke.f(DataDrivenInvoke.java:36)
</failure>
    <system-out><![CDATA[50昵称有表情☜
this is new test
]]></system-out>
  </testcase>
  <testcase name="f" classname="com.music.allureTest.DataDrivenInvoke" time="0">
    <failure message="expected [PASS] but found [读取到的数据]" type="java.lang.AssertionError">java.lang.AssertionError: expected [PASS] but found [读取到的数据]
	at org.testng.Assert.fail(Assert.java:96)
	at org.testng.Assert.failNotEquals(Assert.java:776)
	at org.testng.Assert.assertEqualsImpl(Assert.java:137)
	at org.testng.Assert.assertEquals(Assert.java:118)
	at org.testng.Assert.assertEquals(Assert.java:453)
	at org.testng.Assert.assertEquals(Assert.java:463)
	at com.music.allureTest.DataDrivenInvoke.assertResults(DataDrivenInvoke.java:43)
	at com.music.allureTest.DataDrivenInvoke.f(DataDrivenInvoke.java:36)
</failure>
    <system-out><![CDATA[51密码有表情☜
this is new test
]]></system-out>
  </testcase>
  <testcase name="f" classname="com.music.allureTest.DataDrivenInvoke" time="0">
    <failure message="expected [PASS] but found [读取到的数据]" type="java.lang.AssertionError">java.lang.AssertionError: expected [PASS] but found [读取到的数据]
	at org.testng.Assert.fail(Assert.java:96)
	at org.testng.Assert.failNotEquals(Assert.java:776)
	at org.testng.Assert.assertEqualsImpl(Assert.java:137)
	at org.testng.Assert.assertEquals(Assert.java:118)
	at org.testng.Assert.assertEquals(Assert.java:453)
	at org.testng.Assert.assertEquals(Assert.java:463)
	at com.music.allureTest.DataDrivenInvoke.assertResults(DataDrivenInvoke.java:43)
	at com.music.allureTest.DataDrivenInvoke.f(DataDrivenInvoke.java:36)
</failure>
    <system-out><![CDATA[52用户名有特殊字符??
this is new test
]]></system-out>
  </testcase>
  <testcase name="f" classname="com.music.allureTest.DataDrivenInvoke" time="0">
    <failure message="expected [PASS] but found [读取到的数据]" type="java.lang.AssertionError">java.lang.AssertionError: expected [PASS] but found [读取到的数据]
	at org.testng.Assert.fail(Assert.java:96)
	at org.testng.Assert.failNotEquals(Assert.java:776)
	at org.testng.Assert.assertEqualsImpl(Assert.java:137)
	at org.testng.Assert.assertEquals(Assert.java:118)
	at org.testng.Assert.assertEquals(Assert.java:453)
	at org.testng.Assert.assertEquals(Assert.java:463)
	at com.music.allureTest.DataDrivenInvoke.assertResults(DataDrivenInvoke.java:43)
	at com.music.allureTest.DataDrivenInvoke.f(DataDrivenInvoke.java:36)
</failure>
    <system-out><![CDATA[53昵称有特殊字符??
this is new test
]]></system-out>
  </testcase>
  <testcase name="f" classname="com.music.allureTest.DataDrivenInvoke" time="0.01">
    <failure message="expected [PASS] but found [读取到的数据]" type="java.lang.AssertionError">java.lang.AssertionError: expected [PASS] but found [读取到的数据]
	at org.testng.Assert.fail(Assert.java:96)
	at org.testng.Assert.failNotEquals(Assert.java:776)
	at org.testng.Assert.assertEqualsImpl(Assert.java:137)
	at org.testng.Assert.assertEquals(Assert.java:118)
	at org.testng.Assert.assertEquals(Assert.java:453)
	at org.testng.Assert.assertEquals(Assert.java:463)
	at com.music.allureTest.DataDrivenInvoke.assertResults(DataDrivenInvoke.java:43)
	at com.music.allureTest.DataDrivenInvoke.f(DataDrivenInvoke.java:36)
</failure>
    <system-out><![CDATA[54密码有特殊字符??
this is new test
]]></system-out>
  </testcase>
  <testcase name="f" classname="com.music.allureTest.DataDrivenInvoke" time="0">
    <failure message="expected [PASS] but found [读取到的数据]" type="java.lang.AssertionError">java.lang.AssertionError: expected [PASS] but found [读取到的数据]
	at org.testng.Assert.fail(Assert.java:96)
	at org.testng.Assert.failNotEquals(Assert.java:776)
	at org.testng.Assert.assertEqualsImpl(Assert.java:137)
	at org.testng.Assert.assertEquals(Assert.java:118)
	at org.testng.Assert.assertEquals(Assert.java:453)
	at org.testng.Assert.assertEquals(Assert.java:463)
	at com.music.allureTest.DataDrivenInvoke.assertResults(DataDrivenInvoke.java:43)
	at com.music.allureTest.DataDrivenInvoke.f(DataDrivenInvoke.java:36)
</failure>
    <system-out><![CDATA[55用户名长度操作100个字
this is new test
]]></system-out>
  </testcase>
  <testcase name="f" classname="com.music.allureTest.DataDrivenInvoke" time="0">
    <failure message="expected [PASS] but found [读取到的数据]" type="java.lang.AssertionError">java.lang.AssertionError: expected [PASS] but found [读取到的数据]
	at org.testng.Assert.fail(Assert.java:96)
	at org.testng.Assert.failNotEquals(Assert.java:776)
	at org.testng.Assert.assertEqualsImpl(Assert.java:137)
	at org.testng.Assert.assertEquals(Assert.java:118)
	at org.testng.Assert.assertEquals(Assert.java:453)
	at org.testng.Assert.assertEquals(Assert.java:463)
	at com.music.allureTest.DataDrivenInvoke.assertResults(DataDrivenInvoke.java:43)
	at com.music.allureTest.DataDrivenInvoke.f(DataDrivenInvoke.java:36)
</failure>
    <system-out><![CDATA[56昵称长度操作100个字
this is new test
]]></system-out>
  </testcase>
  <testcase name="f" classname="com.music.allureTest.DataDrivenInvoke" time="0.01">
    <failure message="expected [PASS] but found [读取到的数据]" type="java.lang.AssertionError">java.lang.AssertionError: expected [PASS] but found [读取到的数据]
	at org.testng.Assert.fail(Assert.java:96)
	at org.testng.Assert.failNotEquals(Assert.java:776)
	at org.testng.Assert.assertEqualsImpl(Assert.java:137)
	at org.testng.Assert.assertEquals(Assert.java:118)
	at org.testng.Assert.assertEquals(Assert.java:453)
	at org.testng.Assert.assertEquals(Assert.java:463)
	at com.music.allureTest.DataDrivenInvoke.assertResults(DataDrivenInvoke.java:43)
	at com.music.allureTest.DataDrivenInvoke.f(DataDrivenInvoke.java:36)
</failure>
    <system-out><![CDATA[57密码长度操作100个字
this is new test
]]></system-out>
  </testcase>
  <testcase name="f" classname="com.music.allureTest.DataDrivenInvoke" time="0">
    <failure message="expected [PASS] but found [读取到的数据]" type="java.lang.AssertionError">java.lang.AssertionError: expected [PASS] but found [读取到的数据]
	at org.testng.Assert.fail(Assert.java:96)
	at org.testng.Assert.failNotEquals(Assert.java:776)
	at org.testng.Assert.assertEqualsImpl(Assert.java:137)
	at org.testng.Assert.assertEquals(Assert.java:118)
	at org.testng.Assert.assertEquals(Assert.java:453)
	at org.testng.Assert.assertEquals(Assert.java:463)
	at com.music.allureTest.DataDrivenInvoke.assertResults(DataDrivenInvoke.java:43)
	at com.music.allureTest.DataDrivenInvoke.f(DataDrivenInvoke.java:36)
</failure>
    <system-out><![CDATA[58
this is new test
]]></system-out>
  </testcase>
  <testcase name="f" classname="com.music.allureTest.DataDrivenInvoke" time="0">
    <failure message="expected [PASS] but found [读取到的数据]" type="java.lang.AssertionError">java.lang.AssertionError: expected [PASS] but found [读取到的数据]
	at org.testng.Assert.fail(Assert.java:96)
	at org.testng.Assert.failNotEquals(Assert.java:776)
	at org.testng.Assert.assertEqualsImpl(Assert.java:137)
	at org.testng.Assert.assertEquals(Assert.java:118)
	at org.testng.Assert.assertEquals(Assert.java:453)
	at org.testng.Assert.assertEquals(Assert.java:463)
	at com.music.allureTest.DataDrivenInvoke.assertResults(DataDrivenInvoke.java:43)
	at com.music.allureTest.DataDrivenInvoke.f(DataDrivenInvoke.java:36)
</failure>
    <system-out><![CDATA[59登出
this is new test
]]></system-out>
  </testcase>
  <testcase name="f" classname="com.music.allureTest.DataDrivenInvoke" time="0">
    <failure message="expected [PASS] but found [读取到的数据]" type="java.lang.AssertionError">java.lang.AssertionError: expected [PASS] but found [读取到的数据]
	at org.testng.Assert.fail(Assert.java:96)
	at org.testng.Assert.failNotEquals(Assert.java:776)
	at org.testng.Assert.assertEqualsImpl(Assert.java:137)
	at org.testng.Assert.assertEquals(Assert.java:118)
	at org.testng.Assert.assertEquals(Assert.java:453)
	at org.testng.Assert.assertEquals(Assert.java:463)
	at com.music.allureTest.DataDrivenInvoke.assertResults(DataDrivenInvoke.java:43)
	at com.music.allureTest.DataDrivenInvoke.f(DataDrivenInvoke.java:36)
</failure>
    <system-out><![CDATA[60未登录进行添加用户
this is new test
]]></system-out>
  </testcase>
</testsuite>